[2020-07-18 12:15:42,009] {taskinstance.py:669} INFO - Dependencies all met for <TaskInstance: storing_data.mysql_status 2020-07-17T00:00:00+00:00 [queued]>
[2020-07-18 12:15:42,022] {taskinstance.py:669} INFO - Dependencies all met for <TaskInstance: storing_data.mysql_status 2020-07-17T00:00:00+00:00 [queued]>
[2020-07-18 12:15:42,022] {taskinstance.py:879} INFO - 
--------------------------------------------------------------------------------
[2020-07-18 12:15:42,022] {taskinstance.py:880} INFO - Starting attempt 1 of 2
[2020-07-18 12:15:42,022] {taskinstance.py:881} INFO - 
--------------------------------------------------------------------------------
[2020-07-18 12:15:42,193] {taskinstance.py:900} INFO - Executing <Task(BashOperator): mysql_status> on 2020-07-17T00:00:00+00:00
[2020-07-18 12:15:42,196] {standard_task_runner.py:53} INFO - Started process 9316 to run task
[2020-07-18 12:15:42,357] {logging_mixin.py:112} INFO - Running %s on host %s <TaskInstance: storing_data.mysql_status 2020-07-17T00:00:00+00:00 [running]> bhakti-Vostro-3558
[2020-07-18 12:15:42,373] {bash_operator.py:82} INFO - Tmp dir root location: 
 /tmp
[2020-07-18 12:15:42,374] {bash_operator.py:103} INFO - Temporary script location: /tmp/airflowtmpt843catw/mysql_statusd2j0nda_
[2020-07-18 12:15:42,374] {bash_operator.py:115} INFO - Running command: #!/bin/bash -x
user=root
dbname=airflow_db2
location='/home/bhakti/airflow/input_data/dump_mysql_db.db'
docker exec -it mysqlCon \
mysqldump --user $user --databases $dbname > $location
python3 '/home/bhakti/airflow/minioconnect/minio_connection.py'
[2020-07-18 12:15:42,381] {bash_operator.py:122} INFO - Output:
[2020-07-18 12:15:44,537] {bash_operator.py:126} INFO - [2020-07-18 12:15:44,537] {connectionpool.py:744} WARNING - Retrying ('\x1b[1mRetry(total=4, connect=None, read=None, redirect=None, status=None)\x1b[0m') after connection broken by ''\x1b[1m<urllib3.connection.HTTPConnection object at 0x7fa9ab601f70>: Failed to establish a new connection: [Errno 111] Connection refused\x1b[0m'': /airflowbucket?location=
[2020-07-18 12:15:44,939] {bash_operator.py:126} INFO - [2020-07-18 12:15:44,938] {connectionpool.py:744} WARNING - Retrying ('\x1b[1mRetry(total=3, connect=None, read=None, redirect=None, status=None)\x1b[0m') after connection broken by ''\x1b[1m<urllib3.connection.HTTPConnection object at 0x7fa9ab5ad400>: Failed to establish a new connection: [Errno 111] Connection refused\x1b[0m'': /airflowbucket?location=
[2020-07-18 12:15:45,742] {bash_operator.py:126} INFO - [2020-07-18 12:15:45,741] {connectionpool.py:744} WARNING - Retrying ('\x1b[1mRetry(total=2, connect=None, read=None, redirect=None, status=None)\x1b[0m') after connection broken by ''\x1b[1m<urllib3.connection.HTTPConnection object at 0x7fa9ab5ad6d0>: Failed to establish a new connection: [Errno 111] Connection refused\x1b[0m'': /airflowbucket?location=
[2020-07-18 12:15:47,346] {bash_operator.py:126} INFO - [2020-07-18 12:15:47,345] {connectionpool.py:744} WARNING - Retrying ('\x1b[1mRetry(total=1, connect=None, read=None, redirect=None, status=None)\x1b[0m') after connection broken by ''\x1b[1m<urllib3.connection.HTTPConnection object at 0x7fa9ab5ad9d0>: Failed to establish a new connection: [Errno 111] Connection refused\x1b[0m'': /airflowbucket?location=
[2020-07-18 12:15:50,555] {bash_operator.py:126} INFO - [2020-07-18 12:15:50,550] {connectionpool.py:744} WARNING - Retrying ('\x1b[1mRetry(total=0, connect=None, read=None, redirect=None, status=None)\x1b[0m') after connection broken by ''\x1b[1m<urllib3.connection.HTTPConnection object at 0x7fa9ab5adfd0>: Failed to establish a new connection: [Errno 111] Connection refused\x1b[0m'': /airflowbucket?location=
[2020-07-18 12:15:50,591] {bash_operator.py:126} INFO - Traceback (most recent call last):
[2020-07-18 12:15:50,592] {bash_operator.py:126} INFO -   File "/usr/lib/python3/dist-packages/urllib3/connection.py", line 156, in _new_conn
[2020-07-18 12:15:50,606] {bash_operator.py:126} INFO -     conn = connection.create_connection(
[2020-07-18 12:15:50,607] {bash_operator.py:126} INFO -   File "/usr/lib/python3/dist-packages/urllib3/util/connection.py", line 84, in create_connection
[2020-07-18 12:15:50,611] {bash_operator.py:126} INFO -     raise err
[2020-07-18 12:15:50,611] {bash_operator.py:126} INFO -   File "/usr/lib/python3/dist-packages/urllib3/util/connection.py", line 74, in create_connection
[2020-07-18 12:15:50,612] {bash_operator.py:126} INFO -     sock.connect(sa)
[2020-07-18 12:15:50,612] {bash_operator.py:126} INFO - ConnectionRefusedError: [Errno 111] Connection refused
[2020-07-18 12:15:50,612] {bash_operator.py:126} INFO - 
[2020-07-18 12:15:50,612] {bash_operator.py:126} INFO - During handling of the above exception, another exception occurred:
[2020-07-18 12:15:50,612] {bash_operator.py:126} INFO - 
[2020-07-18 12:15:50,612] {bash_operator.py:126} INFO - Traceback (most recent call last):
[2020-07-18 12:15:50,612] {bash_operator.py:126} INFO -   File "/usr/lib/python3/dist-packages/urllib3/connectionpool.py", line 665, in urlopen
[2020-07-18 12:15:50,613] {bash_operator.py:126} INFO -     httplib_response = self._make_request(
[2020-07-18 12:15:50,613] {bash_operator.py:126} INFO -   File "/usr/lib/python3/dist-packages/urllib3/connectionpool.py", line 387, in _make_request
[2020-07-18 12:15:50,613] {bash_operator.py:126} INFO -     conn.request(method, url, **httplib_request_kw)
[2020-07-18 12:15:50,613] {bash_operator.py:126} INFO -   File "/usr/lib/python3.8/http/client.py", line 1240, in request
[2020-07-18 12:15:50,620] {bash_operator.py:126} INFO -     self._send_request(method, url, body, headers, encode_chunked)
[2020-07-18 12:15:50,620] {bash_operator.py:126} INFO -   File "/usr/lib/python3.8/http/client.py", line 1286, in _send_request
[2020-07-18 12:15:50,621] {bash_operator.py:126} INFO -     self.endheaders(body, encode_chunked=encode_chunked)
[2020-07-18 12:15:50,621] {bash_operator.py:126} INFO -   File "/usr/lib/python3.8/http/client.py", line 1235, in endheaders
[2020-07-18 12:15:50,622] {bash_operator.py:126} INFO -     self._send_output(message_body, encode_chunked=encode_chunked)
[2020-07-18 12:15:50,622] {bash_operator.py:126} INFO -   File "/usr/lib/python3.8/http/client.py", line 1006, in _send_output
[2020-07-18 12:15:50,622] {bash_operator.py:126} INFO -     self.send(msg)
[2020-07-18 12:15:50,623] {bash_operator.py:126} INFO -   File "/usr/lib/python3.8/http/client.py", line 946, in send
[2020-07-18 12:15:50,623] {bash_operator.py:126} INFO -     self.connect()
[2020-07-18 12:15:50,624] {bash_operator.py:126} INFO -   File "/usr/lib/python3/dist-packages/urllib3/connection.py", line 184, in connect
[2020-07-18 12:15:50,624] {bash_operator.py:126} INFO -     conn = self._new_conn()
[2020-07-18 12:15:50,624] {bash_operator.py:126} INFO -   File "/usr/lib/python3/dist-packages/urllib3/connection.py", line 168, in _new_conn
[2020-07-18 12:15:50,624] {bash_operator.py:126} INFO -     raise NewConnectionError(
[2020-07-18 12:15:50,624] {bash_operator.py:126} INFO - urllib3.exceptions.NewConnectionError: <urllib3.connection.HTTPConnection object at 0x7fa9ab5adc10>: Failed to establish a new connection: [Errno 111] Connection refused
[2020-07-18 12:15:50,625] {bash_operator.py:126} INFO - 
[2020-07-18 12:15:50,625] {bash_operator.py:126} INFO - During handling of the above exception, another exception occurred:
[2020-07-18 12:15:50,625] {bash_operator.py:126} INFO - 
[2020-07-18 12:15:50,625] {bash_operator.py:126} INFO - Traceback (most recent call last):
[2020-07-18 12:15:50,625] {bash_operator.py:126} INFO -   File "/home/bhakti/airflow/minioconnect/minio_connection.py", line 17, in <module>
[2020-07-18 12:15:50,625] {bash_operator.py:126} INFO -     minioClient.fput_object('airflowbucket', 'mysqldump1', '/home/bhakti/airflow/input_data/dump_mysql_db.db')
[2020-07-18 12:15:50,626] {bash_operator.py:126} INFO -   File "/usr/local/lib/python3.8/dist-packages/minio/api.py", line 698, in fput_object
[2020-07-18 12:15:50,632] {bash_operator.py:126} INFO -     return self.put_object(bucket_name, object_name, file_data,
[2020-07-18 12:15:50,632] {bash_operator.py:126} INFO -   File "/usr/local/lib/python3.8/dist-packages/minio/api.py", line 969, in put_object
[2020-07-18 12:15:50,633] {bash_operator.py:126} INFO -     return self._do_put_object(bucket_name, object_name,
[2020-07-18 12:15:50,633] {bash_operator.py:126} INFO -   File "/usr/local/lib/python3.8/dist-packages/minio/api.py", line 1682, in _do_put_object
[2020-07-18 12:15:50,633] {bash_operator.py:126} INFO -     response = self._url_open(
[2020-07-18 12:15:50,634] {bash_operator.py:126} INFO -   File "/usr/local/lib/python3.8/dist-packages/minio/api.py", line 1984, in _url_open
[2020-07-18 12:15:50,635] {bash_operator.py:126} INFO -     region = self._get_bucket_region(bucket_name)
[2020-07-18 12:15:50,635] {bash_operator.py:126} INFO -   File "/usr/local/lib/python3.8/dist-packages/minio/api.py", line 1919, in _get_bucket_region
[2020-07-18 12:15:50,635] {bash_operator.py:126} INFO -     region = self._get_bucket_location(bucket_name)
[2020-07-18 12:15:50,636] {bash_operator.py:126} INFO -   File "/usr/local/lib/python3.8/dist-packages/minio/api.py", line 1948, in _get_bucket_location
[2020-07-18 12:15:50,636] {bash_operator.py:126} INFO -     response = self._http.urlopen(method, url,
[2020-07-18 12:15:50,637] {bash_operator.py:126} INFO -   File "/usr/lib/python3/dist-packages/urllib3/poolmanager.py", line 330, in urlopen
[2020-07-18 12:15:50,637] {bash_operator.py:126} INFO -     response = conn.urlopen(method, u.request_uri, **kw)
[2020-07-18 12:15:50,637] {bash_operator.py:126} INFO -   File "/usr/lib/python3/dist-packages/urllib3/connectionpool.py", line 747, in urlopen
[2020-07-18 12:15:50,637] {bash_operator.py:126} INFO -     return self.urlopen(
[2020-07-18 12:15:50,638] {bash_operator.py:126} INFO -   File "/usr/lib/python3/dist-packages/urllib3/connectionpool.py", line 747, in urlopen
[2020-07-18 12:15:50,638] {bash_operator.py:126} INFO -     return self.urlopen(
[2020-07-18 12:15:50,638] {bash_operator.py:126} INFO -   File "/usr/lib/python3/dist-packages/urllib3/connectionpool.py", line 747, in urlopen
[2020-07-18 12:15:50,639] {bash_operator.py:126} INFO -     return self.urlopen(
[2020-07-18 12:15:50,639] {bash_operator.py:126} INFO -   [Previous line repeated 2 more times]
[2020-07-18 12:15:50,639] {bash_operator.py:126} INFO -   File "/usr/lib/python3/dist-packages/urllib3/connectionpool.py", line 719, in urlopen
[2020-07-18 12:15:50,639] {bash_operator.py:126} INFO -     retries = retries.increment(
[2020-07-18 12:15:50,639] {bash_operator.py:126} INFO -   File "/usr/lib/python3/dist-packages/urllib3/util/retry.py", line 436, in increment
[2020-07-18 12:15:50,640] {bash_operator.py:126} INFO -     raise MaxRetryError(_pool, url, error or ResponseError(cause))
[2020-07-18 12:15:50,640] {bash_operator.py:126} INFO - urllib3.exceptions.MaxRetryError: HTTPConnectionPool(host='localhost', port=9000): Max retries exceeded with url: /airflowbucket?location= (Caused by NewConnectionError('<urllib3.connection.HTTPConnection object at 0x7fa9ab5adc10>: Failed to establish a new connection: [Errno 111] Connection refused'))
[2020-07-18 12:15:50,758] {bash_operator.py:128} INFO - Command exited with return code 1
[2020-07-18 12:15:50,766] {taskinstance.py:1145} ERROR - Bash command failed
Traceback (most recent call last):
  File "/usr/local/lib/python3.8/dist-packages/airflow/models/taskinstance.py", line 983, in _run_raw_task
    result = task_copy.execute(context=context)
  File "/usr/local/lib/python3.8/dist-packages/airflow/operators/bash_operator.py", line 134, in execute
    raise AirflowException("Bash command failed")
airflow.exceptions.AirflowException: Bash command failed
[2020-07-18 12:15:50,768] {taskinstance.py:1168} INFO - Marking task as UP_FOR_RETRY
[2020-07-18 12:15:51,839] {logging_mixin.py:112} INFO - [2020-07-18 12:15:51,838] {local_task_job.py:103} INFO - Task exited with return code 1
